build/app/intermediates/manifest_merge_blame_file/debug/manifest-merger-blame-debug-report.txt
1<?xml version="1.0" encoding="utf-8"?>
2<manifest xmlns:android="http://schemas.android.com/apk/res/android"
3    package="com.example.webview"
4    android:versionCode="1"
5    android:versionName="1.0.0" >
6
7    <uses-sdk
8        android:minSdkVersion="16"
9        android:targetSdkVersion="28" />
10    <!--
11         Flutter needs it to communicate with the running application
12         to allow setting breakpoints, to provide hot reload, etc.
13    -->
14    <uses-permission android:name="android.permission.INTERNET" />
14-->src/main/AndroidManifest.xml:8:5-66
14-->src/main/AndroidManifest.xml:8:22-64
15    <uses-permission android:name="android.permission.CAMERA" />
15-->src/main/AndroidManifest.xml:9:5-65
15-->src/main/AndroidManifest.xml:9:22-62
16    <uses-permission android:name="android.permission.RECORD_AUDIO" />
16-->src/main/AndroidManifest.xml:10:5-71
16-->src/main/AndroidManifest.xml:10:22-68
17    <uses-permission android:name="android.permission.MODIFY_AUDIO_SETTINGS" />
17-->src/main/AndroidManifest.xml:11:5-80
17-->src/main/AndroidManifest.xml:11:22-77
18    <uses-permission android:name="android.permission.VIDEO_CAPTURE" />
18-->src/main/AndroidManifest.xml:12:5-72
18-->src/main/AndroidManifest.xml:12:22-69
19    <uses-permission android:name="android.permission.AUDIO_CAPTURE" />
19-->src/main/AndroidManifest.xml:13:5-72
19-->src/main/AndroidManifest.xml:13:22-69
20    <uses-permission android:name="android.permission.WRITE_EXTERNAL_STORAGE" />
20-->src/main/AndroidManifest.xml:14:5-81
20-->src/main/AndroidManifest.xml:14:22-78
21    <uses-permission android:name="android.permission.READ_EXTERNAL_STORAGE" />
21-->src/main/AndroidManifest.xml:15:5-80
21-->src/main/AndroidManifest.xml:15:22-77
22    <uses-permission android:name="android.permission.WAKE_LOCK" />
22-->[androidx.work:work-runtime:2.4.0] AndroidManifest.xml:25:5-68
22-->[androidx.work:work-runtime:2.4.0] AndroidManifest.xml:25:22-65
23    <uses-permission android:name="android.permission.ACCESS_NETWORK_STATE" />
23-->[androidx.work:work-runtime:2.4.0] AndroidManifest.xml:26:5-79
23-->[androidx.work:work-runtime:2.4.0] AndroidManifest.xml:26:22-76
24    <uses-permission android:name="android.permission.RECEIVE_BOOT_COMPLETED" />
24-->[androidx.work:work-runtime:2.4.0] AndroidManifest.xml:27:5-81
24-->[androidx.work:work-runtime:2.4.0] AndroidManifest.xml:27:22-78
25    <uses-permission android:name="android.permission.FOREGROUND_SERVICE" />
25-->[androidx.work:work-runtime:2.4.0] AndroidManifest.xml:28:5-77
25-->[androidx.work:work-runtime:2.4.0] AndroidManifest.xml:28:22-74
26
27    <application
27-->src/main/AndroidManifest.xml:17:5-55:19
28        android:name="io.flutter.app.FlutterApplication"
28-->src/main/AndroidManifest.xml:18:9-57
29        android:appComponentFactory="androidx.core.app.CoreComponentFactory"
29-->[androidx.core:core:1.3.1] AndroidManifest.xml:24:18-86
30        android:debuggable="true"
31        android:icon="@mipmap/ic_launcher"
31-->src/main/AndroidManifest.xml:20:9-43
32        android:label="webview" >
32-->src/main/AndroidManifest.xml:19:9-32
33        <activity
33-->src/main/AndroidManifest.xml:21:9-49:20
34            android:name="com.example.webview.MainActivity"
34-->src/main/AndroidManifest.xml:22:13-41
35            android:configChanges="orientation|keyboardHidden|keyboard|screenSize|smallestScreenSize|locale|layoutDirection|fontScale|screenLayout|density|uiMode"
35-->src/main/AndroidManifest.xml:25:13-163
36            android:hardwareAccelerated="true"
36-->src/main/AndroidManifest.xml:26:13-47
37            android:launchMode="singleTop"
37-->src/main/AndroidManifest.xml:23:13-43
38            android:theme="@style/LaunchTheme"
38-->src/main/AndroidManifest.xml:24:13-47
39            android:windowSoftInputMode="adjustResize" >
39-->src/main/AndroidManifest.xml:27:13-55
40
41            <!--
42                 Specifies an Android theme to apply to this Activity as soon as
43                 the Android process has started. This theme is visible to the user
44                 while the Flutter UI initializes. After that, this theme continues
45                 to determine the Window background behind the Flutter UI.
46            -->
47            <meta-data
47-->src/main/AndroidManifest.xml:32:13-35:17
48                android:name="io.flutter.embedding.android.NormalTheme"
48-->src/main/AndroidManifest.xml:33:15-70
49                android:resource="@style/NormalTheme" />
49-->src/main/AndroidManifest.xml:34:15-52
50            <!--
51                 Displays an Android View that continues showing the launch screen
52                 Drawable until Flutter paints its first frame, then this splash
53                 screen fades out. A splash screen is useful to avoid any visual
54                 gap between the end of Android's launch screen and the painting of
55                 Flutter's first frame.
56            -->
57            <meta-data
57-->src/main/AndroidManifest.xml:41:13-44:17
58                android:name="io.flutter.embedding.android.SplashScreenDrawable"
58-->src/main/AndroidManifest.xml:42:15-79
59                android:resource="@drawable/launch_background" />
59-->src/main/AndroidManifest.xml:43:15-61
60
61            <intent-filter>
61-->src/main/AndroidManifest.xml:45:13-48:29
62                <action android:name="android.intent.action.MAIN" />
62-->src/main/AndroidManifest.xml:46:17-68
62-->src/main/AndroidManifest.xml:46:25-66
63
64                <category android:name="android.intent.category.LAUNCHER" />
64-->src/main/AndroidManifest.xml:47:17-76
64-->src/main/AndroidManifest.xml:47:27-74
65            </intent-filter>
66        </activity>
67        <!--
68             Don't delete the meta-data below.
69             This is used by the Flutter tool to generate GeneratedPluginRegistrant.java
70        -->
71        <meta-data
71-->src/main/AndroidManifest.xml:52:9-54:33
72            android:name="flutterEmbedding"
72-->src/main/AndroidManifest.xml:53:13-44
73            android:value="2" />
73-->src/main/AndroidManifest.xml:54:13-30
74
75        <activity
75-->[:url_launcher] AndroidManifest.xml:8:9-11:74
76            android:name="io.flutter.plugins.urllauncher.WebViewActivity"
76-->[:url_launcher] AndroidManifest.xml:9:13-74
77            android:exported="false"
77-->[:url_launcher] AndroidManifest.xml:10:13-37
78            android:theme="@android:style/Theme.NoTitleBar.Fullscreen" />
78-->[:url_launcher] AndroidManifest.xml:11:13-71
79
80        <provider
80-->[:flutter_webview_plugin] AndroidManifest.xml:9:9-18:20
81            android:name="androidx.core.content.FileProvider"
81-->[:flutter_webview_plugin] AndroidManifest.xml:10:13-62
82            android:authorities="com.example.webview.fileprovider"
82-->[:flutter_webview_plugin] AndroidManifest.xml:11:13-64
83            android:exported="false"
83-->[:flutter_webview_plugin] AndroidManifest.xml:12:13-37
84            android:grantUriPermissions="true" >
84-->[:flutter_webview_plugin] AndroidManifest.xml:13:13-47
85            <meta-data
85-->[:flutter_webview_plugin] AndroidManifest.xml:15:13-17:53
86                android:name="android.support.FILE_PROVIDER_PATHS"
86-->[:flutter_webview_plugin] AndroidManifest.xml:16:17-67
87                android:resource="@xml/filepaths" />
87-->[:flutter_webview_plugin] AndroidManifest.xml:17:17-50
88        </provider>
89        <provider
89-->[androidx.work:work-runtime:2.4.0] AndroidManifest.xml:31:9-37:35
90            android:name="androidx.work.impl.WorkManagerInitializer"
90-->[androidx.work:work-runtime:2.4.0] AndroidManifest.xml:32:13-69
91            android:authorities="com.example.webview.workmanager-init"
91-->[androidx.work:work-runtime:2.4.0] AndroidManifest.xml:33:13-68
92            android:directBootAware="false"
92-->[androidx.work:work-runtime:2.4.0] AndroidManifest.xml:34:13-44
93            android:exported="false"
93-->[androidx.work:work-runtime:2.4.0] AndroidManifest.xml:35:13-37
94            android:multiprocess="true" />
94-->[androidx.work:work-runtime:2.4.0] AndroidManifest.xml:36:13-40
95
96        <service
96-->[androidx.work:work-runtime:2.4.0] AndroidManifest.xml:39:9-44:35
97            android:name="androidx.work.impl.background.systemalarm.SystemAlarmService"
97-->[androidx.work:work-runtime:2.4.0] AndroidManifest.xml:40:13-88
98            android:directBootAware="false"
98-->[androidx.work:work-runtime:2.4.0] AndroidManifest.xml:41:13-44
99            android:enabled="@bool/enable_system_alarm_service_default"
99-->[androidx.work:work-runtime:2.4.0] AndroidManifest.xml:42:13-72
100            android:exported="false" />
100-->[androidx.work:work-runtime:2.4.0] AndroidManifest.xml:43:13-37
101        <service
101-->[androidx.work:work-runtime:2.4.0] AndroidManifest.xml:45:9-51:35
102            android:name="androidx.work.impl.background.systemjob.SystemJobService"
102-->[androidx.work:work-runtime:2.4.0] AndroidManifest.xml:46:13-84
103            android:directBootAware="false"
103-->[androidx.work:work-runtime:2.4.0] AndroidManifest.xml:47:13-44
104            android:enabled="@bool/enable_system_job_service_default"
104-->[androidx.work:work-runtime:2.4.0] AndroidManifest.xml:48:13-70
105            android:exported="true"
105-->[androidx.work:work-runtime:2.4.0] AndroidManifest.xml:49:13-36
106            android:permission="android.permission.BIND_JOB_SERVICE" />
106-->[androidx.work:work-runtime:2.4.0] AndroidManifest.xml:50:13-69
107        <service
107-->[androidx.work:work-runtime:2.4.0] AndroidManifest.xml:52:9-57:35
108            android:name="androidx.work.impl.foreground.SystemForegroundService"
108-->[androidx.work:work-runtime:2.4.0] AndroidManifest.xml:53:13-81
109            android:directBootAware="false"
109-->[androidx.work:work-runtime:2.4.0] AndroidManifest.xml:54:13-44
110            android:enabled="@bool/enable_system_foreground_service_default"
110-->[androidx.work:work-runtime:2.4.0] AndroidManifest.xml:55:13-77
111            android:exported="false" />
111-->[androidx.work:work-runtime:2.4.0] AndroidManifest.xml:56:13-37
112
113        <receiver
113-->[androidx.work:work-runtime:2.4.0] AndroidManifest.xml:59:9-64:35
114            android:name="androidx.work.impl.utils.ForceStopRunnable$BroadcastReceiver"
114-->[androidx.work:work-runtime:2.4.0] AndroidManifest.xml:60:13-88
115            android:directBootAware="false"
115-->[androidx.work:work-runtime:2.4.0] AndroidManifest.xml:61:13-44
116            android:enabled="true"
116-->[androidx.work:work-runtime:2.4.0] AndroidManifest.xml:62:13-35
117            android:exported="false" />
117-->[androidx.work:work-runtime:2.4.0] AndroidManifest.xml:63:13-37
118        <receiver
118-->[androidx.work:work-runtime:2.4.0] AndroidManifest.xml:65:9-75:20
119            android:name="androidx.work.impl.background.systemalarm.ConstraintProxy$BatteryChargingProxy"
119-->[androidx.work:work-runtime:2.4.0] AndroidManifest.xml:66:13-106
120            android:directBootAware="false"
120-->[androidx.work:work-runtime:2.4.0] AndroidManifest.xml:67:13-44
121            android:enabled="false"
121-->[androidx.work:work-runtime:2.4.0] AndroidManifest.xml:68:13-36
122            android:exported="false" >
122-->[androidx.work:work-runtime:2.4.0] AndroidManifest.xml:69:13-37
123            <intent-filter>
123-->[androidx.work:work-runtime:2.4.0] AndroidManifest.xml:71:13-74:29
124                <action android:name="android.intent.action.ACTION_POWER_CONNECTED" />
124-->[androidx.work:work-runtime:2.4.0] AndroidManifest.xml:72:17-87
124-->[androidx.work:work-runtime:2.4.0] AndroidManifest.xml:72:25-84
125                <action android:name="android.intent.action.ACTION_POWER_DISCONNECTED" />
125-->[androidx.work:work-runtime:2.4.0] AndroidManifest.xml:73:17-90
125-->[androidx.work:work-runtime:2.4.0] AndroidManifest.xml:73:25-87
126            </intent-filter>
127        </receiver>
128        <receiver
128-->[androidx.work:work-runtime:2.4.0] AndroidManifest.xml:76:9-86:20
129            android:name="androidx.work.impl.background.systemalarm.ConstraintProxy$BatteryNotLowProxy"
129-->[androidx.work:work-runtime:2.4.0] AndroidManifest.xml:77:13-104
130            android:directBootAware="false"
130-->[androidx.work:work-runtime:2.4.0] AndroidManifest.xml:78:13-44
131            android:enabled="false"
131-->[androidx.work:work-runtime:2.4.0] AndroidManifest.xml:79:13-36
132            android:exported="false" >
132-->[androidx.work:work-runtime:2.4.0] AndroidManifest.xml:80:13-37
133            <intent-filter>
133-->[androidx.work:work-runtime:2.4.0] AndroidManifest.xml:82:13-85:29
134                <action android:name="android.intent.action.BATTERY_OKAY" />
134-->[androidx.work:work-runtime:2.4.0] AndroidManifest.xml:83:17-77
134-->[androidx.work:work-runtime:2.4.0] AndroidManifest.xml:83:25-74
135                <action android:name="android.intent.action.BATTERY_LOW" />
135-->[androidx.work:work-runtime:2.4.0] AndroidManifest.xml:84:17-76
135-->[androidx.work:work-runtime:2.4.0] AndroidManifest.xml:84:25-73
136            </intent-filter>
137        </receiver>
138        <receiver
138-->[androidx.work:work-runtime:2.4.0] AndroidManifest.xml:87:9-97:20
139            android:name="androidx.work.impl.background.systemalarm.ConstraintProxy$StorageNotLowProxy"
139-->[androidx.work:work-runtime:2.4.0] AndroidManifest.xml:88:13-104
140            android:directBootAware="false"
140-->[androidx.work:work-runtime:2.4.0] AndroidManifest.xml:89:13-44
141            android:enabled="false"
141-->[androidx.work:work-runtime:2.4.0] AndroidManifest.xml:90:13-36
142            android:exported="false" >
142-->[androidx.work:work-runtime:2.4.0] AndroidManifest.xml:91:13-37
143            <intent-filter>
143-->[androidx.work:work-runtime:2.4.0] AndroidManifest.xml:93:13-96:29
144                <action android:name="android.intent.action.DEVICE_STORAGE_LOW" />
144-->[androidx.work:work-runtime:2.4.0] AndroidManifest.xml:94:17-83
144-->[androidx.work:work-runtime:2.4.0] AndroidManifest.xml:94:25-80
145                <action android:name="android.intent.action.DEVICE_STORAGE_OK" />
145-->[androidx.work:work-runtime:2.4.0] AndroidManifest.xml:95:17-82
145-->[androidx.work:work-runtime:2.4.0] AndroidManifest.xml:95:25-79
146            </intent-filter>
147        </receiver>
148        <receiver
148-->[androidx.work:work-runtime:2.4.0] AndroidManifest.xml:98:9-107:20
149            android:name="androidx.work.impl.background.systemalarm.ConstraintProxy$NetworkStateProxy"
149-->[androidx.work:work-runtime:2.4.0] AndroidManifest.xml:99:13-103
150            android:directBootAware="false"
150-->[androidx.work:work-runtime:2.4.0] AndroidManifest.xml:100:13-44
151            android:enabled="false"
151-->[androidx.work:work-runtime:2.4.0] AndroidManifest.xml:101:13-36
152            android:exported="false" >
152-->[androidx.work:work-runtime:2.4.0] AndroidManifest.xml:102:13-37
153            <intent-filter>
153-->[androidx.work:work-runtime:2.4.0] AndroidManifest.xml:104:13-106:29
154                <action android:name="android.net.conn.CONNECTIVITY_CHANGE" />
154-->[androidx.work:work-runtime:2.4.0] AndroidManifest.xml:105:17-79
154-->[androidx.work:work-runtime:2.4.0] AndroidManifest.xml:105:25-76
155            </intent-filter>
156        </receiver>
157        <receiver
157-->[androidx.work:work-runtime:2.4.0] AndroidManifest.xml:108:9-119:20
158            android:name="androidx.work.impl.background.systemalarm.RescheduleReceiver"
158-->[androidx.work:work-runtime:2.4.0] AndroidManifest.xml:109:13-88
159            android:directBootAware="false"
159-->[androidx.work:work-runtime:2.4.0] AndroidManifest.xml:110:13-44
160            android:enabled="false"
160-->[androidx.work:work-runtime:2.4.0] AndroidManifest.xml:111:13-36
161            android:exported="false" >
161-->[androidx.work:work-runtime:2.4.0] AndroidManifest.xml:112:13-37
162            <intent-filter>
162-->[androidx.work:work-runtime:2.4.0] AndroidManifest.xml:114:13-118:29
163                <action android:name="android.intent.action.BOOT_COMPLETED" />
163-->[androidx.work:work-runtime:2.4.0] AndroidManifest.xml:115:17-79
163-->[androidx.work:work-runtime:2.4.0] AndroidManifest.xml:115:25-76
164                <action android:name="android.intent.action.TIME_SET" />
164-->[androidx.work:work-runtime:2.4.0] AndroidManifest.xml:116:17-73
164-->[androidx.work:work-runtime:2.4.0] AndroidManifest.xml:116:25-70
165                <action android:name="android.intent.action.TIMEZONE_CHANGED" />
165-->[androidx.work:work-runtime:2.4.0] AndroidManifest.xml:117:17-81
165-->[androidx.work:work-runtime:2.4.0] AndroidManifest.xml:117:25-78
166            </intent-filter>
167        </receiver>
168        <receiver
168-->[androidx.work:work-runtime:2.4.0] AndroidManifest.xml:120:9-129:20
169            android:name="androidx.work.impl.background.systemalarm.ConstraintProxyUpdateReceiver"
169-->[androidx.work:work-runtime:2.4.0] AndroidManifest.xml:121:13-99
170            android:directBootAware="false"
170-->[androidx.work:work-runtime:2.4.0] AndroidManifest.xml:122:13-44
171            android:enabled="@bool/enable_system_alarm_service_default"
171-->[androidx.work:work-runtime:2.4.0] AndroidManifest.xml:123:13-72
172            android:exported="false" >
172-->[androidx.work:work-runtime:2.4.0] AndroidManifest.xml:124:13-37
173            <intent-filter>
173-->[androidx.work:work-runtime:2.4.0] AndroidManifest.xml:126:13-128:29
174                <action android:name="androidx.work.impl.background.systemalarm.UpdateProxies" />
174-->[androidx.work:work-runtime:2.4.0] AndroidManifest.xml:127:17-98
174-->[androidx.work:work-runtime:2.4.0] AndroidManifest.xml:127:25-95
175            </intent-filter>
176        </receiver>
177        <receiver
177-->[androidx.work:work-runtime:2.4.0] AndroidManifest.xml:130:9-140:20
178            android:name="androidx.work.impl.diagnostics.DiagnosticsReceiver"
178-->[androidx.work:work-runtime:2.4.0] AndroidManifest.xml:131:13-78
179            android:directBootAware="false"
179-->[androidx.work:work-runtime:2.4.0] AndroidManifest.xml:132:13-44
180            android:enabled="true"
180-->[androidx.work:work-runtime:2.4.0] AndroidManifest.xml:133:13-35
181            android:exported="true"
181-->[androidx.work:work-runtime:2.4.0] AndroidManifest.xml:134:13-36
182            android:permission="android.permission.DUMP" >
182-->[androidx.work:work-runtime:2.4.0] AndroidManifest.xml:135:13-57
183            <intent-filter>
183-->[androidx.work:work-runtime:2.4.0] AndroidManifest.xml:137:13-139:29
184                <action android:name="androidx.work.diagnostics.REQUEST_DIAGNOSTICS" />
184-->[androidx.work:work-runtime:2.4.0] AndroidManifest.xml:138:17-88
184-->[androidx.work:work-runtime:2.4.0] AndroidManifest.xml:138:25-85
185            </intent-filter>
186        </receiver>
187
188        <service
188-->[androidx.room:room-runtime:2.2.5] AndroidManifest.xml:25:9-28:40
189            android:name="androidx.room.MultiInstanceInvalidationService"
189-->[androidx.room:room-runtime:2.2.5] AndroidManifest.xml:26:13-74
190            android:directBootAware="true"
190-->[androidx.room:room-runtime:2.2.5] AndroidManifest.xml:27:13-43
191            android:exported="false" />
191-->[androidx.room:room-runtime:2.2.5] AndroidManifest.xml:28:13-37
192    </application>
193
194</manifest>